---------------------------------------------------------------
[ 2018-01-10T08:44:54+08:00 ] 127.0.0.1 121.239.108.234 GET /
[ info ] test.ymnl1998.com/ [运行时间：0.004336s][吞吐率：230.63req/s] [内存消耗：518.88kb] [文件加载：50]
[ info ] [ LANG ] /www/web/erp/public_html/thinkphp/lang/zh-cn.php
[ info ] [ ROUTE ] array (
  'type' => 'module',
  'module' => 
  array (
    0 => '',
    1 => NULL,
    2 => NULL,
  ),
)
[ info ] [ HEADER ] array (
  'host' => 'test.ymnl1998.com',
  'cookie' => 'PHPSESSID=0etnsufd1aki5pocjbl5jen4b1',
  'x-real-ip' => '121.239.108.234',
  'x-forwarded-for' => '121.239.108.234',
  'connection' => 'close',
  'upgrade-insecure-requests' => '1',
  'user-agent' => 'Mozilla/5.0 (Windows NT 6.1; WOW64) AppleWebKit/537.36 (KHTML, like Gecko) Chrome/55.0.2883.87 Safari/537.36',
  'accept' => 'text/html,application/xhtml+xml,application/xml;q=0.9,image/webp,*/*;q=0.8',
  'accept-language' => 'zh-CN,zh;q=0.8',
)
[ info ] [ PARAM ] array (
)
[ info ] [ SESSION ] INIT array (
  'id' => '',
  'var_session_id' => '',
  'prefix' => 'think',
  'type' => '',
  'auto_start' => true,
)
[ info ] [ LOG ] INIT File
---------------------------------------------------------------
[ 2018-01-10T08:44:54+08:00 ] 127.0.0.1 121.239.108.234 GET /home/login/out.html
[ info ] test.ymnl1998.com/home/login/out.html [运行时间：0.003871s][吞吐率：258.32req/s] [内存消耗：512.14kb] [文件加载：49]
[ info ] [ LANG ] /www/web/erp/public_html/thinkphp/lang/zh-cn.php
[ info ] [ ROUTE ] array (
  'type' => 'module',
  'module' => 
  array (
    0 => 'home',
    1 => 'login',
    2 => 'out',
  ),
)
[ info ] [ HEADER ] array (
  'host' => 'test.ymnl1998.com',
  'cookie' => 'PHPSESSID=0etnsufd1aki5pocjbl5jen4b1',
  'x-real-ip' => '121.239.108.234',
  'x-forwarded-for' => '121.239.108.234',
  'connection' => 'close',
  'upgrade-insecure-requests' => '1',
  'user-agent' => 'Mozilla/5.0 (Windows NT 6.1; WOW64) AppleWebKit/537.36 (KHTML, like Gecko) Chrome/55.0.2883.87 Safari/537.36',
  'accept' => 'text/html,application/xhtml+xml,application/xml;q=0.9,image/webp,*/*;q=0.8',
  'accept-language' => 'zh-CN,zh;q=0.8',
)
[ info ] [ PARAM ] array (
)
[ info ] [ RUN ] app\home\controller\Login->out[ /www/web/erp/public_html/application/home/controller/Login.php ]
[ info ] [ SESSION ] INIT array (
  'id' => '',
  'var_session_id' => '',
  'prefix' => 'think',
  'type' => '',
  'auto_start' => true,
)
[ info ] [ LOG ] INIT File
---------------------------------------------------------------
[ 2018-01-10T08:44:54+08:00 ] 127.0.0.1 121.239.108.234 GET /home/login/index.html
[ info ] test.ymnl1998.com/home/login/index.html [运行时间：0.004776s][吞吐率：209.38req/s] [内存消耗：544.60kb] [文件加载：50]
[ info ] [ LANG ] /www/web/erp/public_html/thinkphp/lang/zh-cn.php
[ info ] [ ROUTE ] array (
  'type' => 'module',
  'module' => 
  array (
    0 => 'home',
    1 => 'login',
    2 => 'index',
  ),
)
[ info ] [ HEADER ] array (
  'host' => 'test.ymnl1998.com',
  'cookie' => 'PHPSESSID=0etnsufd1aki5pocjbl5jen4b1',
  'x-real-ip' => '121.239.108.234',
  'x-forwarded-for' => '121.239.108.234',
  'connection' => 'close',
  'upgrade-insecure-requests' => '1',
  'user-agent' => 'Mozilla/5.0 (Windows NT 6.1; WOW64) AppleWebKit/537.36 (KHTML, like Gecko) Chrome/55.0.2883.87 Safari/537.36',
  'accept' => 'text/html,application/xhtml+xml,application/xml;q=0.9,image/webp,*/*;q=0.8',
  'accept-language' => 'zh-CN,zh;q=0.8',
)
[ info ] [ PARAM ] array (
)
[ info ] [ RUN ] app\home\controller\Login->index[ /www/web/erp/public_html/application/home/controller/Login.php ]
[ info ] [ VIEW ] /www/web/erp/public_html/public/../application/home/view/login/index.html [ array (
  0 => 'err',
) ]
[ info ] [ LOG ] INIT File
---------------------------------------------------------------
[ 2018-01-10T08:45:13+08:00 ] 127.0.0.1 121.239.108.234 POST /home/login/in.html
[ info ] test.ymnl1998.com/home/login/in.html [运行时间：0.007228s][吞吐率：138.35req/s] [内存消耗：701.14kb] [文件加载：56]
[ info ] [ LANG ] /www/web/erp/public_html/thinkphp/lang/zh-cn.php
[ info ] [ ROUTE ] array (
  'type' => 'module',
  'module' => 
  array (
    0 => 'home',
    1 => 'login',
    2 => 'in',
  ),
)
[ info ] [ HEADER ] array (
  'host' => 'test.ymnl1998.com',
  'referer' => 'http://test.ymnl1998.com/home/login/index.html',
  'cookie' => 'PHPSESSID=0etnsufd1aki5pocjbl5jen4b1',
  'x-real-ip' => '121.239.108.234',
  'x-forwarded-for' => '121.239.108.234',
  'connection' => 'close',
  'content-length' => '16',
  'cache-control' => 'max-age=0',
  'origin' => 'http://test.ymnl1998.com',
  'upgrade-insecure-requests' => '1',
  'user-agent' => 'Mozilla/5.0 (Windows NT 6.1; WOW64) AppleWebKit/537.36 (KHTML, like Gecko) Chrome/55.0.2883.87 Safari/537.36',
  'content-type' => 'application/x-www-form-urlencoded',
  'accept' => 'text/html,application/xhtml+xml,application/xml;q=0.9,image/webp,*/*;q=0.8',
  'accept-language' => 'zh-CN,zh;q=0.8',
)
[ info ] [ PARAM ] array (
  'un' => 'admin',
  'p' => 'admin',
)
[ info ] [ RUN ] app\home\controller\Login->in[ /www/web/erp/public_html/application/home/controller/Login.php ]
[ info ] [ DB ] INIT mysql
[ info ] [ SESSION ] INIT array (
  'id' => '',
  'var_session_id' => '',
  'prefix' => 'think',
  'type' => '',
  'auto_start' => true,
)
[ info ] [ LOG ] INIT File
[ sql ] [ DB ] CONNECT:[ UseTime:0.000300s ] mysql:host=127.0.0.1;port=3306;dbname=erp;charset=utf8
[ sql ] [ SQL ] SHOW COLUMNS FROM `erp_admin` [ RunTime:0.000658s ]
[ sql ] [ SQL ] SELECT * FROM `erp_admin` WHERE  `uname` = 'admin'  AND `status` = 1 LIMIT 1 [ RunTime:0.000219s ]
[ sql ] [ SQL ] SHOW COLUMNS FROM `erp_role` [ RunTime:0.000439s ]
[ sql ] [ SQL ] SELECT * FROM `erp_role` WHERE  `id` = 1 LIMIT 1 [ RunTime:0.000140s ]
---------------------------------------------------------------
[ 2018-01-10T08:45:13+08:00 ] 127.0.0.1 121.239.108.234 GET /home/index/index.html
[ info ] test.ymnl1998.com/home/index/index.html [运行时间：0.006251s][吞吐率：159.97req/s] [内存消耗：571.41kb] [文件加载：51]
[ info ] [ LANG ] /www/web/erp/public_html/thinkphp/lang/zh-cn.php
[ info ] [ ROUTE ] array (
  'type' => 'module',
  'module' => 
  array (
    0 => 'home',
    1 => 'index',
    2 => 'index',
  ),
)
[ info ] [ HEADER ] array (
  'host' => 'test.ymnl1998.com',
  'referer' => 'http://test.ymnl1998.com/home/login/index.html',
  'cookie' => 'PHPSESSID=0etnsufd1aki5pocjbl5jen4b1',
  'x-real-ip' => '121.239.108.234',
  'x-forwarded-for' => '121.239.108.234',
  'connection' => 'close',
  'cache-control' => 'max-age=0',
  'upgrade-insecure-requests' => '1',
  'user-agent' => 'Mozilla/5.0 (Windows NT 6.1; WOW64) AppleWebKit/537.36 (KHTML, like Gecko) Chrome/55.0.2883.87 Safari/537.36',
  'accept' => 'text/html,application/xhtml+xml,application/xml;q=0.9,image/webp,*/*;q=0.8',
  'accept-language' => 'zh-CN,zh;q=0.8',
)
[ info ] [ PARAM ] array (
)
[ info ] [ SESSION ] INIT array (
  'id' => '',
  'var_session_id' => '',
  'prefix' => 'think',
  'type' => '',
  'auto_start' => true,
)
[ info ] [ RUN ] app\home\controller\Index->index[ /www/web/erp/public_html/application/home/controller/Index.php ]
[ info ] [ VIEW ] /www/web/erp/public_html/public/../application/home/view/index/index.html [ array (
  0 => 'uname',
  1 => 'nav',
  2 => 'controller',
  3 => 'action',
) ]
[ info ] [ LOG ] INIT File
---------------------------------------------------------------
[ 2018-01-10T08:45:15+08:00 ] 127.0.0.1 121.239.108.234 GET /home/sumao/jiedan.html
[ info ] test.ymnl1998.com/home/sumao/jiedan.html [运行时间：0.006583s][吞吐率：151.91req/s] [内存消耗：622.23kb] [文件加载：51]
[ info ] [ LANG ] /www/web/erp/public_html/thinkphp/lang/zh-cn.php
[ info ] [ ROUTE ] array (
  'type' => 'module',
  'module' => 
  array (
    0 => 'home',
    1 => 'sumao',
    2 => 'jiedan',
  ),
)
[ info ] [ HEADER ] array (
  'host' => 'test.ymnl1998.com',
  'referer' => 'http://test.ymnl1998.com/home/index/index.html',
  'cookie' => 'PHPSESSID=0etnsufd1aki5pocjbl5jen4b1',
  'x-real-ip' => '121.239.108.234',
  'x-forwarded-for' => '121.239.108.234',
  'connection' => 'close',
  'upgrade-insecure-requests' => '1',
  'user-agent' => 'Mozilla/5.0 (Windows NT 6.1; WOW64) AppleWebKit/537.36 (KHTML, like Gecko) Chrome/55.0.2883.87 Safari/537.36',
  'accept' => 'text/html,application/xhtml+xml,application/xml;q=0.9,image/webp,*/*;q=0.8',
  'accept-language' => 'zh-CN,zh;q=0.8',
)
[ info ] [ PARAM ] array (
)
[ info ] [ SESSION ] INIT array (
  'id' => '',
  'var_session_id' => '',
  'prefix' => 'think',
  'type' => '',
  'auto_start' => true,
)
[ info ] [ RUN ] app\home\controller\Sumao->jiedan[ /www/web/erp/public_html/application/home/controller/Sumao.php ]
[ info ] [ VIEW ] /www/web/erp/public_html/public/../application/home/view/sumao/jiedan.html [ array (
  0 => 'uname',
  1 => 'nav',
  2 => 'controller',
  3 => 'action',
) ]
[ info ] [ LOG ] INIT File
