---------------------------------------------------------------
[ 2018-01-14T10:00:52+08:00 ] 127.0.0.1 121.227.1.81 GET /
[ info ] test.ymnl1998.com/ [运行时间：0.005209s][吞吐率：191.98req/s] [内存消耗：516.51kb] [文件加载：50]
[ info ] [ LANG ] /www/web/erp/public_html/thinkphp/lang/zh-cn.php
[ info ] [ ROUTE ] array (
  'type' => 'module',
  'module' => 
  array (
    0 => '',
    1 => NULL,
    2 => NULL,
  ),
)
[ info ] [ HEADER ] array (
  'host' => 'test.ymnl1998.com',
  'x-real-ip' => '121.227.1.81',
  'x-forwarded-for' => '121.227.1.81',
  'connection' => 'close',
  'accept' => '*/*',
  'user-agent' => 'Mozilla/4.0 (compatible; MSIE 7.0; Windows NT 5.1; .NET CLR 2.0.50727)',
  'cache-control' => 'no-cache',
)
[ info ] [ PARAM ] array (
)
[ info ] [ SESSION ] INIT array (
  'id' => '',
  'var_session_id' => '',
  'prefix' => 'think',
  'type' => '',
  'auto_start' => true,
)
[ info ] [ LOG ] INIT File
---------------------------------------------------------------
[ 2018-01-14T10:00:52+08:00 ] 127.0.0.1 121.227.1.81 GET /home/login/index.html
[ info ] test.ymnl1998.com/home/login/index.html [运行时间：0.007883s][吞吐率：126.85req/s] [内存消耗：543.47kb] [文件加载：50]
[ info ] [ LANG ] /www/web/erp/public_html/thinkphp/lang/zh-cn.php
[ info ] [ ROUTE ] array (
  'type' => 'module',
  'module' => 
  array (
    0 => 'home',
    1 => 'login',
    2 => 'index',
  ),
)
[ info ] [ HEADER ] array (
  'host' => 'test.ymnl1998.com',
  'x-real-ip' => '121.227.1.81',
  'x-forwarded-for' => '121.227.1.81',
  'connection' => 'close',
  'accept' => '*/*',
  'user-agent' => 'Mozilla/4.0 (compatible; MSIE 7.0; Windows NT 5.1; .NET CLR 2.0.50727)',
  'cache-control' => 'no-cache',
)
[ info ] [ PARAM ] array (
)
[ info ] [ RUN ] app\home\controller\Login->index[ /www/web/erp/public_html/application/home/controller/Login.php ]
[ info ] [ VIEW ] /www/web/erp/public_html/public/../application/home/view/login/index.html [ array (
  0 => 'err',
) ]
[ info ] [ LOG ] INIT File
---------------------------------------------------------------
[ 2018-01-14T11:03:45+08:00 ] 127.0.0.1 121.227.1.81 GET /
[ info ] test.ymnl1998.com/ [运行时间：0.005283s][吞吐率：189.29req/s] [内存消耗：516.52kb] [文件加载：50]
[ info ] [ LANG ] /www/web/erp/public_html/thinkphp/lang/zh-cn.php
[ info ] [ ROUTE ] array (
  'type' => 'module',
  'module' => 
  array (
    0 => '',
    1 => NULL,
    2 => NULL,
  ),
)
[ info ] [ HEADER ] array (
  'host' => 'test.ymnl1998.com',
  'x-real-ip' => '121.227.1.81',
  'x-forwarded-for' => '121.227.1.81',
  'connection' => 'close',
  'accept' => '*/*',
  'user-agent' => 'Mozilla/4.0 (compatible; MSIE 7.0; Windows NT 5.1; .NET CLR 2.0.50727)',
  'cache-control' => 'no-cache',
)
[ info ] [ PARAM ] array (
)
[ info ] [ SESSION ] INIT array (
  'id' => '',
  'var_session_id' => '',
  'prefix' => 'think',
  'type' => '',
  'auto_start' => true,
)
[ info ] [ LOG ] INIT File
---------------------------------------------------------------
[ 2018-01-14T11:03:45+08:00 ] 127.0.0.1 121.227.1.81 GET /home/login/index.html
[ info ] test.ymnl1998.com/home/login/index.html [运行时间：0.005608s][吞吐率：178.31req/s] [内存消耗：543.47kb] [文件加载：50]
[ info ] [ LANG ] /www/web/erp/public_html/thinkphp/lang/zh-cn.php
[ info ] [ ROUTE ] array (
  'type' => 'module',
  'module' => 
  array (
    0 => 'home',
    1 => 'login',
    2 => 'index',
  ),
)
[ info ] [ HEADER ] array (
  'host' => 'test.ymnl1998.com',
  'x-real-ip' => '121.227.1.81',
  'x-forwarded-for' => '121.227.1.81',
  'connection' => 'close',
  'accept' => '*/*',
  'user-agent' => 'Mozilla/4.0 (compatible; MSIE 7.0; Windows NT 5.1; .NET CLR 2.0.50727)',
  'cache-control' => 'no-cache',
)
[ info ] [ PARAM ] array (
)
[ info ] [ RUN ] app\home\controller\Login->index[ /www/web/erp/public_html/application/home/controller/Login.php ]
[ info ] [ VIEW ] /www/web/erp/public_html/public/../application/home/view/login/index.html [ array (
  0 => 'err',
) ]
[ info ] [ LOG ] INIT File
