---------------------------------------------------------------
[ 2018-01-22T09:05:34+08:00 ] 127.0.0.1 121.226.121.166 GET /
[ info ] test.ymnl1998.com/ [运行时间：0.004486s][吞吐率：222.92req/s] [内存消耗：517.41kb] [文件加载：50]
[ info ] [ LANG ] /www/web/erp/public_html/thinkphp/lang/zh-cn.php
[ info ] [ ROUTE ] array (
  'type' => 'module',
  'module' => 
  array (
    0 => '',
    1 => NULL,
    2 => NULL,
  ),
)
[ info ] [ HEADER ] array (
  'host' => 'test.ymnl1998.com',
  'x-real-ip' => '121.226.121.166',
  'x-forwarded-for' => '121.226.121.166',
  'connection' => 'close',
  'accept' => 'text/html,application/xhtml+xml,application/xml;q=0.9,image/webp,*/*;q=0.8',
  'upgrade-insecure-requests' => '1',
  'user-agent' => 'Mozilla/5.0 (Windows NT 6.1; WOW64) AppleWebKit/537.36 (KHTML, like Gecko) Chrome/49.0.2623.221 Safari/537.36 SE 2.X MetaSr 1.0',
  'accept-language' => 'zh-CN,zh;q=0.8',
)
[ info ] [ PARAM ] array (
)
[ info ] [ SESSION ] INIT array (
  'id' => '',
  'var_session_id' => '',
  'prefix' => 'think',
  'type' => '',
  'auto_start' => true,
)
[ info ] [ LOG ] INIT File
---------------------------------------------------------------
[ 2018-01-22T09:05:34+08:00 ] 127.0.0.1 121.226.121.166 GET /home/login/index.html
[ info ] test.ymnl1998.com/home/login/index.html [运行时间：0.004944s][吞吐率：202.26req/s] [内存消耗：544.70kb] [文件加载：50]
[ info ] [ LANG ] /www/web/erp/public_html/thinkphp/lang/zh-cn.php
[ info ] [ ROUTE ] array (
  'type' => 'module',
  'module' => 
  array (
    0 => 'home',
    1 => 'login',
    2 => 'index',
  ),
)
[ info ] [ HEADER ] array (
  'host' => 'test.ymnl1998.com',
  'cookie' => 'PHPSESSID=gsmb3bu6pdmeq3mqetcmevpcq0',
  'x-real-ip' => '121.226.121.166',
  'x-forwarded-for' => '121.226.121.166',
  'connection' => 'close',
  'accept' => 'text/html,application/xhtml+xml,application/xml;q=0.9,image/webp,*/*;q=0.8',
  'upgrade-insecure-requests' => '1',
  'user-agent' => 'Mozilla/5.0 (Windows NT 6.1; WOW64) AppleWebKit/537.36 (KHTML, like Gecko) Chrome/49.0.2623.221 Safari/537.36 SE 2.X MetaSr 1.0',
  'accept-language' => 'zh-CN,zh;q=0.8',
)
[ info ] [ PARAM ] array (
)
[ info ] [ RUN ] app\home\controller\Login->index[ /www/web/erp/public_html/application/home/controller/Login.php ]
[ info ] [ VIEW ] /www/web/erp/public_html/public/../application/home/view/login/index.html [ array (
  0 => 'err',
) ]
[ info ] [ LOG ] INIT File
---------------------------------------------------------------
[ 2018-01-22T09:06:34+08:00 ] 127.0.0.1 101.226.33.228 GET /home/login/index.html
[ info ] test.ymnl1998.com/home/login/index.html [运行时间：0.008523s][吞吐率：117.33req/s] [内存消耗：543.70kb] [文件加载：50]
[ info ] [ LANG ] /www/web/erp/public_html/thinkphp/lang/zh-cn.php
[ info ] [ ROUTE ] array (
  'type' => 'module',
  'module' => 
  array (
    0 => 'home',
    1 => 'login',
    2 => 'index',
  ),
)
[ info ] [ HEADER ] array (
  'host' => 'test.ymnl1998.com',
  'x-real-ip' => '101.226.33.228',
  'x-forwarded-for' => '101.226.33.228',
  'connection' => 'close',
  'user-agent' => 'Mozilla/5.0 (Windows NT 6.1; WOW64) AppleWebKit/537.36 (KHTML, like Gecko) Chrome/43.0.2357.124 Safari/537.36',
  'accept' => '*/*',
  'accept-language' => 'zh-CN,zh;q=0.8,en-US;q=0.6,en;q=0.4',
)
[ info ] [ PARAM ] array (
)
[ info ] [ RUN ] app\home\controller\Login->index[ /www/web/erp/public_html/application/home/controller/Login.php ]
[ info ] [ VIEW ] /www/web/erp/public_html/public/../application/home/view/login/index.html [ array (
  0 => 'err',
) ]
[ info ] [ LOG ] INIT File
---------------------------------------------------------------
[ 2018-01-22T09:06:34+08:00 ] 127.0.0.1 101.226.33.237 GET /
[ info ] test.ymnl1998.com/ [运行时间：0.006999s][吞吐率：142.88req/s] [内存消耗：516.89kb] [文件加载：50]
[ info ] [ LANG ] /www/web/erp/public_html/thinkphp/lang/zh-cn.php
[ info ] [ ROUTE ] array (
  'type' => 'module',
  'module' => 
  array (
    0 => '',
    1 => NULL,
    2 => NULL,
  ),
)
[ info ] [ HEADER ] array (
  'host' => 'test.ymnl1998.com',
  'x-real-ip' => '101.226.33.237',
  'x-forwarded-for' => '101.226.33.237',
  'connection' => 'close',
  'user-agent' => 'Mozilla/5.0 (Macintosh; Intel Mac OS X 10_12_4) AppleWebKit/537.36 (KHTML, like Gecko) 			Chrome/55.0.2883.95 Safari/537.36',
  'accept' => '*/*',
  'accept-language' => 'zh-CN,zh;q=0.8,en-US;q=0.6,en;q=0.4',
)
[ info ] [ PARAM ] array (
)
[ info ] [ SESSION ] INIT array (
  'id' => '',
  'var_session_id' => '',
  'prefix' => 'think',
  'type' => '',
  'auto_start' => true,
)
[ info ] [ LOG ] INIT File
---------------------------------------------------------------
[ 2018-01-22T09:06:34+08:00 ] 127.0.0.1 61.151.178.165 GET /
[ info ] test.ymnl1998.com/ [运行时间：0.004181s][吞吐率：239.17req/s] [内存消耗：517.14kb] [文件加载：50]
[ info ] [ LANG ] /www/web/erp/public_html/thinkphp/lang/zh-cn.php
[ info ] [ ROUTE ] array (
  'type' => 'module',
  'module' => 
  array (
    0 => '',
    1 => NULL,
    2 => NULL,
  ),
)
[ info ] [ HEADER ] array (
  'host' => 'test.ymnl1998.com',
  'x-real-ip' => '61.151.178.165',
  'x-forwarded-for' => '61.151.178.165',
  'connection' => 'close',
  'user-agent' => 'Mozilla/5.0 (Windows NT 6.1; WOW64; Trident/7.0; SLCC2; .NET CLR 2.0.50727; .NET CLR 3.5.30729; .NET CLR 3.0.30729; Media Center PC 6.0; .NET4.0C; .NET4.0E; InfoPath.3; rv:11.0) like Gecko',
  'accept' => '*/*',
  'accept-language' => 'zh-CN,zh;q=0.8,en-US;q=0.6,en;q=0.4',
)
[ info ] [ PARAM ] array (
)
[ info ] [ SESSION ] INIT array (
  'id' => '',
  'var_session_id' => '',
  'prefix' => 'think',
  'type' => '',
  'auto_start' => true,
)
[ info ] [ LOG ] INIT File
---------------------------------------------------------------
[ 2018-01-22T09:06:35+08:00 ] 127.0.0.1 61.151.180.39 GET /home/login/index.html
[ info ] test.ymnl1998.com/home/login/index.html [运行时间：0.005553s][吞吐率：180.08req/s] [内存消耗：543.72kb] [文件加载：50]
[ info ] [ LANG ] /www/web/erp/public_html/thinkphp/lang/zh-cn.php
[ info ] [ ROUTE ] array (
  'type' => 'module',
  'module' => 
  array (
    0 => 'home',
    1 => 'login',
    2 => 'index',
  ),
)
[ info ] [ HEADER ] array (
  'host' => 'test.ymnl1998.com',
  'x-real-ip' => '61.151.180.39',
  'x-forwarded-for' => '61.151.180.39',
  'connection' => 'close',
  'user-agent' => 'Mozilla/5.0 (Windows NT 6.1; WOW64) AppleWebKit/537.36 (KHTML, like Gecko) Chrome/45.0.2454.101 Safari/537.36',
  'accept' => '*/*',
  'accept-language' => 'zh-CN,zh;q=0.8,en-US;q=0.6,en;q=0.4',
)
[ info ] [ PARAM ] array (
)
[ info ] [ RUN ] app\home\controller\Login->index[ /www/web/erp/public_html/application/home/controller/Login.php ]
[ info ] [ VIEW ] /www/web/erp/public_html/public/../application/home/view/login/index.html [ array (
  0 => 'err',
) ]
[ info ] [ LOG ] INIT File
---------------------------------------------------------------
[ 2018-01-22T09:09:38+08:00 ] 127.0.0.1 101.226.66.181 GET /
[ info ] test.ymnl1998.com/ [运行时间：0.004567s][吞吐率：218.97req/s] [内存消耗：516.84kb] [文件加载：50]
[ info ] [ LANG ] /www/web/erp/public_html/thinkphp/lang/zh-cn.php
[ info ] [ ROUTE ] array (
  'type' => 'module',
  'module' => 
  array (
    0 => '',
    1 => NULL,
    2 => NULL,
  ),
)
[ info ] [ HEADER ] array (
  'host' => 'test.ymnl1998.com',
  'x-real-ip' => '101.226.66.181',
  'x-forwarded-for' => '101.226.66.181',
  'connection' => 'close',
  'user-agent' => 'Mozilla/5.0 (Windows NT 6.1; WOW64) AppleWebKit/537.36 (KHTML, like Gecko) Chrome/56.0.2924.87 Safari/537.36',
  'accept' => '*/*',
  'accept-language' => 'zh-CN,zh;q=0.8,en-US;q=0.6,en;q=0.4',
)
[ info ] [ PARAM ] array (
)
[ info ] [ SESSION ] INIT array (
  'id' => '',
  'var_session_id' => '',
  'prefix' => 'think',
  'type' => '',
  'auto_start' => true,
)
[ info ] [ LOG ] INIT File
---------------------------------------------------------------
[ 2018-01-22T09:09:42+08:00 ] 127.0.0.1 101.226.66.181 GET /home/login/index.html
[ info ] test.ymnl1998.com/home/login/index.html [运行时间：0.004886s][吞吐率：204.67req/s] [内存消耗：544.45kb] [文件加载：50]
[ info ] [ LANG ] /www/web/erp/public_html/thinkphp/lang/zh-cn.php
[ info ] [ ROUTE ] array (
  'type' => 'module',
  'module' => 
  array (
    0 => 'home',
    1 => 'login',
    2 => 'index',
  ),
)
[ info ] [ HEADER ] array (
  'host' => 'test.ymnl1998.com',
  'referer' => 'http://test.ymnl1998.com/',
  'cookie' => 'PHPSESSID=4fk7rueav4huko0c8gpb40vt75',
  'x-real-ip' => '101.226.66.181',
  'x-forwarded-for' => '101.226.66.181',
  'connection' => 'close',
  'user-agent' => 'Mozilla/5.0 (Windows NT 6.1; WOW64) AppleWebKit/537.36 (KHTML, like Gecko) Chrome/56.0.2924.87 Safari/537.36',
  'accept' => '*/*',
  'accept-language' => 'zh-CN,zh;q=0.8,en-US;q=0.6,en;q=0.4',
)
[ info ] [ PARAM ] array (
)
[ info ] [ RUN ] app\home\controller\Login->index[ /www/web/erp/public_html/application/home/controller/Login.php ]
[ info ] [ VIEW ] /www/web/erp/public_html/public/../application/home/view/login/index.html [ array (
  0 => 'err',
) ]
[ info ] [ LOG ] INIT File
---------------------------------------------------------------
[ 2018-01-22T12:00:51+08:00 ] 127.0.0.1 121.226.121.166 GET /
[ info ] test.ymnl1998.com/ [运行时间：0.004507s][吞吐率：221.87req/s] [内存消耗：517.41kb] [文件加载：50]
[ info ] [ LANG ] /www/web/erp/public_html/thinkphp/lang/zh-cn.php
[ info ] [ ROUTE ] array (
  'type' => 'module',
  'module' => 
  array (
    0 => '',
    1 => NULL,
    2 => NULL,
  ),
)
[ info ] [ HEADER ] array (
  'host' => 'test.ymnl1998.com',
  'x-real-ip' => '121.226.121.166',
  'x-forwarded-for' => '121.226.121.166',
  'connection' => 'close',
  'accept' => 'text/html,application/xhtml+xml,application/xml;q=0.9,image/webp,*/*;q=0.8',
  'upgrade-insecure-requests' => '1',
  'user-agent' => 'Mozilla/5.0 (Windows NT 6.1; WOW64) AppleWebKit/537.36 (KHTML, like Gecko) Chrome/49.0.2623.221 Safari/537.36 SE 2.X MetaSr 1.0',
  'accept-language' => 'zh-CN,zh;q=0.8',
)
[ info ] [ PARAM ] array (
)
[ info ] [ SESSION ] INIT array (
  'id' => '',
  'var_session_id' => '',
  'prefix' => 'think',
  'type' => '',
  'auto_start' => true,
)
[ info ] [ LOG ] INIT File
---------------------------------------------------------------
[ 2018-01-22T12:00:51+08:00 ] 127.0.0.1 121.226.121.166 GET /home/login/index.html
[ info ] test.ymnl1998.com/home/login/index.html [运行时间：0.005025s][吞吐率：199.00req/s] [内存消耗：544.70kb] [文件加载：50]
[ info ] [ LANG ] /www/web/erp/public_html/thinkphp/lang/zh-cn.php
[ info ] [ ROUTE ] array (
  'type' => 'module',
  'module' => 
  array (
    0 => 'home',
    1 => 'login',
    2 => 'index',
  ),
)
[ info ] [ HEADER ] array (
  'host' => 'test.ymnl1998.com',
  'cookie' => 'PHPSESSID=20rhnfbi0dm7bmgqnli2rdhp90',
  'x-real-ip' => '121.226.121.166',
  'x-forwarded-for' => '121.226.121.166',
  'connection' => 'close',
  'accept' => 'text/html,application/xhtml+xml,application/xml;q=0.9,image/webp,*/*;q=0.8',
  'upgrade-insecure-requests' => '1',
  'user-agent' => 'Mozilla/5.0 (Windows NT 6.1; WOW64) AppleWebKit/537.36 (KHTML, like Gecko) Chrome/49.0.2623.221 Safari/537.36 SE 2.X MetaSr 1.0',
  'accept-language' => 'zh-CN,zh;q=0.8',
)
[ info ] [ PARAM ] array (
)
[ info ] [ RUN ] app\home\controller\Login->index[ /www/web/erp/public_html/application/home/controller/Login.php ]
[ info ] [ VIEW ] /www/web/erp/public_html/public/../application/home/view/login/index.html [ array (
  0 => 'err',
) ]
[ info ] [ LOG ] INIT File
---------------------------------------------------------------
[ 2018-01-22T12:20:20+08:00 ] 127.0.0.1 58.217.192.54 HEAD /
[ info ] test.ymnl1998.com/ [运行时间：0.004475s][吞吐率：223.46req/s] [内存消耗：515.45kb] [文件加载：50]
[ info ] [ LANG ] /www/web/erp/public_html/thinkphp/lang/zh-cn.php
[ info ] [ ROUTE ] array (
  'type' => 'module',
  'module' => 
  array (
    0 => '',
    1 => NULL,
    2 => NULL,
  ),
)
[ info ] [ HEADER ] array (
  'host' => 'test.ymnl1998.com',
  'x-real-ip' => '58.217.192.54',
  'x-forwarded-for' => '58.217.192.54',
  'connection' => 'close',
  'user-agent' => 'curl/7.29.0',
  'accept' => '*/*',
)
[ info ] [ PARAM ] array (
)
[ info ] [ SESSION ] INIT array (
  'id' => '',
  'var_session_id' => '',
  'prefix' => 'think',
  'type' => '',
  'auto_start' => true,
)
[ info ] [ LOG ] INIT File
