---------------------------------------------------------------
[ 2018-01-29T14:38:39+08:00 ] 127.0.0.1 121.236.145.171 GET /
[ info ] test.ymnl1998.com/ [运行时间：0.004722s][吞吐率：211.78req/s] [内存消耗：517.30kb] [文件加载：50]
[ info ] [ LANG ] /www/web/erp/public_html/thinkphp/lang/zh-cn.php
[ info ] [ ROUTE ] array (
  'type' => 'module',
  'module' => 
  array (
    0 => '',
    1 => NULL,
    2 => NULL,
  ),
)
[ info ] [ HEADER ] array (
  'host' => 'test.ymnl1998.com',
  'x-real-ip' => '121.236.145.171',
  'x-forwarded-for' => '121.236.145.171',
  'connection' => 'close',
  'upgrade-insecure-requests' => '1',
  'user-agent' => 'Mozilla/5.0 (Windows NT 6.1; WOW64) AppleWebKit/537.36 (KHTML, like Gecko) Chrome/55.0.2883.87 Safari/537.36',
  'accept' => 'text/html,application/xhtml+xml,application/xml;q=0.9,image/webp,*/*;q=0.8',
  'accept-language' => 'zh-CN,zh;q=0.8',
)
[ info ] [ PARAM ] array (
)
[ info ] [ SESSION ] INIT array (
  'id' => '',
  'var_session_id' => '',
  'prefix' => 'think',
  'type' => '',
  'auto_start' => true,
)
[ info ] [ LOG ] INIT File
---------------------------------------------------------------
[ 2018-01-29T14:38:39+08:00 ] 127.0.0.1 121.236.145.171 GET /home/login/index.html
[ info ] test.ymnl1998.com/home/login/index.html [运行时间：0.005284s][吞吐率：189.26req/s] [内存消耗：544.61kb] [文件加载：50]
[ info ] [ LANG ] /www/web/erp/public_html/thinkphp/lang/zh-cn.php
[ info ] [ ROUTE ] array (
  'type' => 'module',
  'module' => 
  array (
    0 => 'home',
    1 => 'login',
    2 => 'index',
  ),
)
[ info ] [ HEADER ] array (
  'host' => 'test.ymnl1998.com',
  'cookie' => 'PHPSESSID=cmkc0q7vehjuhdpb7fphnu40u4',
  'x-real-ip' => '121.236.145.171',
  'x-forwarded-for' => '121.236.145.171',
  'connection' => 'close',
  'upgrade-insecure-requests' => '1',
  'user-agent' => 'Mozilla/5.0 (Windows NT 6.1; WOW64) AppleWebKit/537.36 (KHTML, like Gecko) Chrome/55.0.2883.87 Safari/537.36',
  'accept' => 'text/html,application/xhtml+xml,application/xml;q=0.9,image/webp,*/*;q=0.8',
  'accept-language' => 'zh-CN,zh;q=0.8',
)
[ info ] [ PARAM ] array (
)
[ info ] [ RUN ] app\home\controller\Login->index[ /www/web/erp/public_html/application/home/controller/Login.php ]
[ info ] [ VIEW ] /www/web/erp/public_html/public/../application/home/view/login/index.html [ array (
  0 => 'err',
) ]
[ info ] [ LOG ] INIT File
