---------------------------------------------------------------
[ 2018-02-26T15:49:58+08:00 ] 127.0.0.1 121.238.200.6 GET /
[ info ] test.ymnl1998.com/ [运行时间：0.004428s][吞吐率：225.83req/s] [内存消耗：517.38kb] [文件加载：50]
[ info ] [ LANG ] /www/web/erp/public_html/thinkphp/lang/zh-cn.php
[ info ] [ ROUTE ] array (
  'type' => 'module',
  'module' => 
  array (
    0 => '',
    1 => NULL,
    2 => NULL,
  ),
)
[ info ] [ HEADER ] array (
  'host' => 'test.ymnl1998.com',
  'x-real-ip' => '121.238.200.6',
  'x-forwarded-for' => '121.238.200.6',
  'connection' => 'close',
  'accept' => 'text/html,application/xhtml+xml,application/xml;q=0.9,image/webp,*/*;q=0.8',
  'upgrade-insecure-requests' => '1',
  'user-agent' => 'Mozilla/5.0 (Windows NT 6.1; WOW64) AppleWebKit/537.36 (KHTML, like Gecko) Chrome/49.0.2623.221 Safari/537.36 SE 2.X MetaSr 1.0',
  'accept-language' => 'zh-CN,zh;q=0.8',
)
[ info ] [ PARAM ] array (
)
[ info ] [ SESSION ] INIT array (
  'id' => '',
  'var_session_id' => '',
  'prefix' => 'think',
  'type' => '',
  'auto_start' => true,
)
[ info ] [ LOG ] INIT File
---------------------------------------------------------------
[ 2018-02-26T15:49:58+08:00 ] 127.0.0.1 121.238.200.6 GET /home/login/index.html
[ info ] test.ymnl1998.com/home/login/index.html [运行时间：0.004799s][吞吐率：208.38req/s] [内存消耗：544.68kb] [文件加载：50]
[ info ] [ LANG ] /www/web/erp/public_html/thinkphp/lang/zh-cn.php
[ info ] [ ROUTE ] array (
  'type' => 'module',
  'module' => 
  array (
    0 => 'home',
    1 => 'login',
    2 => 'index',
  ),
)
[ info ] [ HEADER ] array (
  'host' => 'test.ymnl1998.com',
  'cookie' => 'PHPSESSID=0vsiboglq6i5o6607dknfj4227',
  'x-real-ip' => '121.238.200.6',
  'x-forwarded-for' => '121.238.200.6',
  'connection' => 'close',
  'accept' => 'text/html,application/xhtml+xml,application/xml;q=0.9,image/webp,*/*;q=0.8',
  'upgrade-insecure-requests' => '1',
  'user-agent' => 'Mozilla/5.0 (Windows NT 6.1; WOW64) AppleWebKit/537.36 (KHTML, like Gecko) Chrome/49.0.2623.221 Safari/537.36 SE 2.X MetaSr 1.0',
  'accept-language' => 'zh-CN,zh;q=0.8',
)
[ info ] [ PARAM ] array (
)
[ info ] [ RUN ] app\home\controller\Login->index[ /www/web/erp/public_html/application/home/controller/Login.php ]
[ info ] [ VIEW ] /www/web/erp/public_html/public/../application/home/view/login/index.html [ array (
  0 => 'err',
) ]
[ info ] [ LOG ] INIT File
---------------------------------------------------------------
[ 2018-02-26T15:50:00+08:00 ] 127.0.0.1 121.238.200.6 GET /
[ info ] test.ymnl1998.com/ [运行时间：0.004036s][吞吐率：247.76req/s] [内存消耗：517.61kb] [文件加载：50]
[ info ] [ LANG ] /www/web/erp/public_html/thinkphp/lang/zh-cn.php
[ info ] [ ROUTE ] array (
  'type' => 'module',
  'module' => 
  array (
    0 => '',
    1 => NULL,
    2 => NULL,
  ),
)
[ info ] [ HEADER ] array (
  'host' => 'test.ymnl1998.com',
  'cookie' => 'PHPSESSID=0vsiboglq6i5o6607dknfj4227',
  'x-real-ip' => '121.238.200.6',
  'x-forwarded-for' => '121.238.200.6',
  'connection' => 'close',
  'accept' => 'text/html,application/xhtml+xml,application/xml;q=0.9,image/webp,*/*;q=0.8',
  'upgrade-insecure-requests' => '1',
  'user-agent' => 'Mozilla/5.0 (Windows NT 6.1; WOW64) AppleWebKit/537.36 (KHTML, like Gecko) Chrome/49.0.2623.221 Safari/537.36 SE 2.X MetaSr 1.0',
  'accept-language' => 'zh-CN,zh;q=0.8',
)
[ info ] [ PARAM ] array (
)
[ info ] [ SESSION ] INIT array (
  'id' => '',
  'var_session_id' => '',
  'prefix' => 'think',
  'type' => '',
  'auto_start' => true,
)
[ info ] [ LOG ] INIT File
---------------------------------------------------------------
[ 2018-02-26T15:50:02+08:00 ] 127.0.0.1 121.238.200.6 GET /home/login/index.html
[ info ] test.ymnl1998.com/home/login/index.html [运行时间：0.004717s][吞吐率：211.99req/s] [内存消耗：544.68kb] [文件加载：50]
[ info ] [ LANG ] /www/web/erp/public_html/thinkphp/lang/zh-cn.php
[ info ] [ ROUTE ] array (
  'type' => 'module',
  'module' => 
  array (
    0 => 'home',
    1 => 'login',
    2 => 'index',
  ),
)
[ info ] [ HEADER ] array (
  'host' => 'test.ymnl1998.com',
  'cookie' => 'PHPSESSID=0vsiboglq6i5o6607dknfj4227',
  'x-real-ip' => '121.238.200.6',
  'x-forwarded-for' => '121.238.200.6',
  'connection' => 'close',
  'accept' => 'text/html,application/xhtml+xml,application/xml;q=0.9,image/webp,*/*;q=0.8',
  'upgrade-insecure-requests' => '1',
  'user-agent' => 'Mozilla/5.0 (Windows NT 6.1; WOW64) AppleWebKit/537.36 (KHTML, like Gecko) Chrome/49.0.2623.221 Safari/537.36 SE 2.X MetaSr 1.0',
  'accept-language' => 'zh-CN,zh;q=0.8',
)
[ info ] [ PARAM ] array (
)
[ info ] [ RUN ] app\home\controller\Login->index[ /www/web/erp/public_html/application/home/controller/Login.php ]
[ info ] [ VIEW ] /www/web/erp/public_html/public/../application/home/view/login/index.html [ array (
  0 => 'err',
) ]
[ info ] [ LOG ] INIT File
---------------------------------------------------------------
[ 2018-02-26T15:50:58+08:00 ] 127.0.0.1 101.226.66.181 GET /
[ info ] test.ymnl1998.com/ [运行时间：0.004504s][吞吐率：222.03req/s] [内存消耗：516.89kb] [文件加载：50]
[ info ] [ LANG ] /www/web/erp/public_html/thinkphp/lang/zh-cn.php
[ info ] [ ROUTE ] array (
  'type' => 'module',
  'module' => 
  array (
    0 => '',
    1 => NULL,
    2 => NULL,
  ),
)
[ info ] [ HEADER ] array (
  'host' => 'test.ymnl1998.com',
  'x-real-ip' => '101.226.66.181',
  'x-forwarded-for' => '101.226.66.181',
  'connection' => 'close',
  'user-agent' => 'Mozilla/5.0 (Macintosh; Intel Mac OS X 10_12_4) AppleWebKit/537.36 (KHTML, like Gecko) 			Chrome/55.0.2883.95 Safari/537.36',
  'accept' => '*/*',
  'accept-language' => 'zh-CN,zh;q=0.8,en-US;q=0.6,en;q=0.4',
)
[ info ] [ PARAM ] array (
)
[ info ] [ SESSION ] INIT array (
  'id' => '',
  'var_session_id' => '',
  'prefix' => 'think',
  'type' => '',
  'auto_start' => true,
)
[ info ] [ LOG ] INIT File
