---------------------------------------------------------------
[ 2017-12-17T14:41:41+08:00 ] 127.0.0.1 180.103.247.224 GET /
[ info ] test.ymnl1998.com/ [运行时间：0.004262s][吞吐率：234.63req/s] [内存消耗：514.65kb] [文件加载：50]
[ info ] [ LANG ] /www/web/erp/public_html/thinkphp/lang/zh-cn.php
[ info ] [ ROUTE ] array (
  'type' => 'module',
  'module' => 
  array (
    0 => '',
    1 => NULL,
    2 => NULL,
  ),
)
[ info ] [ HEADER ] array (
  'host' => 'test.ymnl1998.com',
  'cookie' => 'PHPSESSID=0vjgq16i29ag89sbllj5emj035',
  'x-real-ip' => '180.103.247.224',
  'x-forwarded-for' => '180.103.247.224',
  'connection' => 'close',
  'upgrade-insecure-requests' => '1',
  'user-agent' => 'Mozilla/5.0 (Windows NT 6.1; WOW64) AppleWebKit/537.36 (KHTML, like Gecko) Chrome/55.0.2883.87 Safari/537.36',
  'accept' => 'text/html,application/xhtml+xml,application/xml;q=0.9,image/webp,*/*;q=0.8',
  'accept-language' => 'zh-CN,zh;q=0.8',
)
[ info ] [ PARAM ] array (
)
[ info ] [ SESSION ] INIT array (
  'id' => '',
  'var_session_id' => '',
  'prefix' => 'think',
  'type' => '',
  'auto_start' => true,
)
[ info ] [ LOG ] INIT File
---------------------------------------------------------------
[ 2017-12-17T14:41:41+08:00 ] 127.0.0.1 180.103.247.224 GET /home/login/out.html
[ info ] test.ymnl1998.com/home/login/out.html [运行时间：0.003514s][吞吐率：284.57req/s] [内存消耗：507.96kb] [文件加载：49]
[ info ] [ LANG ] /www/web/erp/public_html/thinkphp/lang/zh-cn.php
[ info ] [ ROUTE ] array (
  'type' => 'module',
  'module' => 
  array (
    0 => 'home',
    1 => 'login',
    2 => 'out',
  ),
)
[ info ] [ HEADER ] array (
  'host' => 'test.ymnl1998.com',
  'cookie' => 'PHPSESSID=0vjgq16i29ag89sbllj5emj035',
  'x-real-ip' => '180.103.247.224',
  'x-forwarded-for' => '180.103.247.224',
  'connection' => 'close',
  'upgrade-insecure-requests' => '1',
  'user-agent' => 'Mozilla/5.0 (Windows NT 6.1; WOW64) AppleWebKit/537.36 (KHTML, like Gecko) Chrome/55.0.2883.87 Safari/537.36',
  'accept' => 'text/html,application/xhtml+xml,application/xml;q=0.9,image/webp,*/*;q=0.8',
  'accept-language' => 'zh-CN,zh;q=0.8',
)
[ info ] [ PARAM ] array (
)
[ info ] [ RUN ] app\home\controller\Login->out[ /www/web/erp/public_html/application/home/controller/Login.php ]
[ info ] [ SESSION ] INIT array (
  'id' => '',
  'var_session_id' => '',
  'prefix' => 'think',
  'type' => '',
  'auto_start' => true,
)
[ info ] [ LOG ] INIT File
---------------------------------------------------------------
[ 2017-12-17T14:41:41+08:00 ] 127.0.0.1 180.103.247.224 GET /home/login/index.html
[ info ] test.ymnl1998.com/home/login/index.html [运行时间：0.004755s][吞吐率：210.30req/s] [内存消耗：540.40kb] [文件加载：50]
[ info ] [ LANG ] /www/web/erp/public_html/thinkphp/lang/zh-cn.php
[ info ] [ ROUTE ] array (
  'type' => 'module',
  'module' => 
  array (
    0 => 'home',
    1 => 'login',
    2 => 'index',
  ),
)
[ info ] [ HEADER ] array (
  'host' => 'test.ymnl1998.com',
  'cookie' => 'PHPSESSID=0vjgq16i29ag89sbllj5emj035',
  'x-real-ip' => '180.103.247.224',
  'x-forwarded-for' => '180.103.247.224',
  'connection' => 'close',
  'upgrade-insecure-requests' => '1',
  'user-agent' => 'Mozilla/5.0 (Windows NT 6.1; WOW64) AppleWebKit/537.36 (KHTML, like Gecko) Chrome/55.0.2883.87 Safari/537.36',
  'accept' => 'text/html,application/xhtml+xml,application/xml;q=0.9,image/webp,*/*;q=0.8',
  'accept-language' => 'zh-CN,zh;q=0.8',
)
[ info ] [ PARAM ] array (
)
[ info ] [ RUN ] app\home\controller\Login->index[ /www/web/erp/public_html/application/home/controller/Login.php ]
[ info ] [ VIEW ] /www/web/erp/public_html/public/../application/home/view/login/index.html [ array (
  0 => 'err',
) ]
[ info ] [ LOG ] INIT File
